Total questions in pte_questions: 53
1. [Read Aloud] Read Aloud Sample 1 (f89a75c7-b6be-48ed-a716-b1cabad53cd2)
2. [Read Aloud] Read Aloud Sample 2 (79c46b59-6a63-4f54-836b-6437fb459f45)
3. [Read Aloud] Read Aloud Sample 3 (e75c197c-4486-4706-8e8d-54ae6ed5b7e7)
4. [Repeat Sentence] Repeat Sentence Sample 1 (add7d871-55eb-4482-ab5e-9297cb527211)
5. [Repeat Sentence] Repeat Sentence Sample 2 (be01261a-4129-40f3-b6bc-5b6a9d8ee515)
6. [Describe Image] Describe Image Sample 1 (6743cb80-ec22-4995-bb02-ea128f48bb60)
7. [Retell Lecture] Retell Lecture Sample 1 (aadd1c2f-9a8f-4a9b-b3b6-f4f20509299b)
8. [Answer Short Question] Answer Short Question Sample 1 (0dcff331-0726-4a0f-b3f3-cf696ca0a63e)
9. [Respond to a Situation] Respond to a Situation Sample 1 (d73226ca-52ed-42ec-8d6a-653681df86fd)
10. [Summarize Group Discussion] Summarize Group Discussion Sample 1 (376e48c3-4bf7-4071-9e81-a56784b33d23)
11. [Summarize Written Text] Summarize Written Text Sample 1 (addc2e60-080e-4b38-9e01-07734742802a)
12. [Write Essay] Write Essay Sample 1 (06d6681b-9e7e-4444-a9a8-35ac2265fa9b)
13. [Re-order Paragraphs] Re-order Paragraphs Sample 1 (58e48315-e0aa-4ec7-b7d4-55c455a15e99)
14. [Reading: Fill in the Blanks] Reading Fill in the Blanks Sample 1 (8de03ab8-48a4-49d5-abb6-58f42f48c3ca)
15. [Multiple Choice, Choose Single Answer] Multiple Choice Single Answer Sample 1 (2ddea878-4bfb-448d-8a88-812c7222d5f4)
16. [Multiple Choice, Choose Multiple Answers] Multiple Choice Multiple Answers Sample 1 (85c857b2-a065-47cc-8eff-7c0778b1bb69)
17. [Reading & Writing: Fill in the Blanks] Reading & Writing Fill in the Blanks Sample 1 (80448958-997b-4463-b963-bf523ff2a491)
18. [Summarize Spoken Text] Summarize Spoken Text Sample 1 (8a34fc84-9e50-4012-8d69-a7b0d01f879a)
19. [Multiple Choice, Choose Single Answer] Listening Multiple Choice Single Answer Sample 1 (8946de66-6949-41a5-8a24-d1c89cb1c7ff)
20. [Fill in the Blanks] Listening Fill in the Blanks Sample 1 (cea83b5a-e370-4d37-b110-66f14575a203)
21. [Highlight Correct Summary] Highlight Correct Summary Sample 1 (5a325318-583f-4470-86da-ccc699a976fe)
22. [Multiple Choice, Choose Multiple Answers] Listening Multiple Choice Multiple Answers Sample 1 (a9014207-0ffb-49d9-829f-e84a289863a5)
23. [Select Missing Word] Select Missing Word Sample 1 (9c9d22c4-1892-4520-8a7a-a7f4fd5a5503)
24. [Highlight Incorrect Words] Highlight Incorrect Words Sample 1 (74f36f41-2688-4b4b-85e7-1688e48f1181)
25. [Write from Dictation] Write from Dictation Sample 1 (54424863-58b9-4b92-8a02-02292f07efc8)
26. [RA] The development of clean energy is one of the greatest challenges of our time. (5a159913-b0e4-438e-982b-34d3a7285d32)
27. [RA] The development of clean energy is one of the greatest challenges of our time. (a7de9f26-3214-4af7-9a87-8dffd955d179)
28. [RA] The development of clean energy is one of the greatest challenges of our time. (2861a76f-8d18-4d6e-adc6-31f09c7e1ef3)
29. [RA] The development of clean energy is one of the greatest challenges of our time. (cce2705e-857e-466b-82f4-7b2bd956e1fb)
30. [RA] The development of clean energy is one of the greatest challenges of our time. (dce89752-3e57-4e6e-80a8-a86af9364756)
31. [RA] Test Question (b2f131d3-deb9-42e2-bd16-ec51f764fb93)
32. [SGD] Summarize Group Discussion - Environmental Impact (7fdbc0c0-fc2a-4354-b58a-19d644f9e5b9)
33. [RTS-A] Respond to Situation - University Problem (bb9aa77a-f823-4ab0-ad72-86b20ab29d96)
34. [RL] Retell Lecture - Future of Technology (2ed52f82-85b9-4215-9a4a-9d4bab51e251)
35. [RA] Read Aloud - Clean Energy (fd9a44a0-4534-49ae-a92e-24d205cbf59e)
36. [RS] Repeat Sentence - Academic Assignment (984a311f-0c9e-4c09-ab70-e4b41f3e6244)
37. [SST] Summarize Spoken Text - Education Research (d18f78d3-a571-46d7-9e16-7bf518b76dc4)
38. [ASQ] Answer Short Question - History (372b3a1b-f47e-4d90-997b-b64b97959948)
39. [SWT] Opinion Paper - Educational Assessment (8b542395-33e6-4bc9-8c6a-6556df2154f1)
40. [SGD] Summarize Group Discussion - Environmental Impact (a0730f4d-5964-43bf-afbe-f2eceac2c443)
41. [RTS-A] Respond to Situation - University Problem (f052e75a-dd7f-4d58-bf57-06a83a87e5e7)
42. [RL] Retell Lecture - Future of Technology (71d2e27e-5509-41c9-86c4-a5e48f7bfc2f)
43. [RA] Read Aloud - Clean Energy (e6f1db26-f173-45ca-ad93-d587fa1958d8)
44. [RS] Repeat Sentence - Academic Assignment (f4306cfb-6a15-456b-8867-982d6bfc5868)
45. [SST] Summarize Spoken Text - Education Research (6aa97372-4466-4c73-a0a9-cfab6aa9781f)
46. [ASQ] Answer Short Question - History (8dbc05c3-1ae5-489f-8043-739e20edc63c)
47. [SWT] Opinion Paper - Educational Assessment (662fd9b8-58e6-453d-8c4c-adc2b0d3eb74)
48. [DI] Describe Image - World Population 1950-2020 (c3d2bf50-f6e3-4d92-b402-a7563aa1fb77)
49. [DI] Describe Image - Martian Atmosphere Composition (69d85029-c2a9-4430-a99e-fb0564fe6d67)
50. [DI] Describe Image - The Water Cycle Process (80c7fd55-6647-473b-aeda-f2c07574c783)
51. [SGD] Summarize Group Discussion - Environmental Impact (272fed5a-f4fd-4499-8eb8-032a9f18b2dd)
52. [RTS-A] Respond to Situation - University Problem (019b0dfa-7d79-407f-9540-d16a849ae473)
53. [RL] Retell Lecture - Future of Technology (f81c28f1-1a84-4494-a400-70d9bd587d85)
